<<<<<<< HEAD
2018-08-15 00:09:40 -admin³¢ÊÔµÇÂ½-
2018-08-15 00:09:40 -µÇÂ½³É¹¦-
2018-08-15 00:09:50 admin-µ÷²¦¶©µ¥²Ù×÷-
2018-08-15 00:15:00 -admin³¢ÊÔµÇÂ½-
2018-08-15 00:15:00 -µÇÂ½³É¹¦-
2018-08-15 00:15:39 admin-µ÷²¦¶©µ¥²Ù×÷-
2018-08-15 00:23:45 -admin³¢ÊÔµÇÂ½-
2018-08-15 00:23:46 -µÇÂ½³É¹¦-
2018-08-15 00:23:58 admin-µ÷²¦¶©µ¥²Ù×÷-
2018-08-15 00:25:52 -admin³¢ÊÔµÇÂ½-
2018-08-15 00:25:52 -µÇÂ½³É¹¦-
2018-08-15 00:26:00 admin-µ÷²¦¶©µ¥²Ù×÷-
2018-08-15 00:27:42 -admin³¢ÊÔµÇÂ½-
2018-08-15 00:27:42 -µÇÂ½³É¹¦-
2018-08-15 11:31:40 -admin³¢ÊÔµÇÂ½-
2018-08-15 11:31:40 -µÇÂ½³É¹¦-
2018-08-15 12:19:00 -admin³¢ÊÔµÇÂ½-
2018-08-15 12:19:00 -µÇÂ½³É¹¦-
2018-08-15 20:01:27 -admin³¢ÊÔµÇÂ½-
2018-08-15 20:05:15 -admin³¢ÊÔµÇÂ½-
2018-08-15 20:05:15 -µÇÂ½³É¹¦-
2018-08-15 20:33:47 -admin³¢ÊÔµÇÂ½-
2018-08-15 20:33:47 -µÇÂ½³É¹¦-
2018-08-15 20:33:49 -admin³¢ÊÔµÇÂ½-
2018-08-15 20:33:49 -µÇÂ½³É¹¦-
=======
2018-08-15 00:09:40 -adminë¼æ¡¿ë˜ì©-
2018-08-15 00:09:40 -ë˜ì©ëƒ¥ë¬˜-
2018-08-15 00:09:50 admin-ë”§êº…ë•ë°ê¾¸é±—-
2018-08-15 00:15:00 -adminë¼æ¡¿ë˜ì©-
2018-08-15 00:15:00 -ë˜ì©ëƒ¥ë¬˜-
2018-08-15 00:15:39 admin-ë”§êº…ë•ë°ê¾¸é±—-
2018-08-15 00:23:45 -adminë¼æ¡¿ë˜ì©-
2018-08-15 00:23:46 -ë˜ì©ëƒ¥ë¬˜-
2018-08-15 00:23:58 admin-ë”§êº…ë•ë°ê¾¸é±—-
2018-08-15 00:25:52 -adminë¼æ¡¿ë˜ì©-
2018-08-15 00:25:52 -ë˜ì©ëƒ¥ë¬˜-
2018-08-15 00:26:00 admin-ë”§êº…ë•ë°ê¾¸é±—-
2018-08-15 00:27:42 -adminë¼æ¡¿ë˜ì©-
2018-08-15 00:27:42 -ë˜ì©ëƒ¥ë¬˜-
2018-08-15 10:48:52 -adminë¼æ¡¿ë˜ì©-
2018-08-15 10:49:59 -adminë¼æ¡¿ë˜ì©-
2018-08-15 10:51:11 -adminë¼æ¡¿ë˜ì©-
2018-08-15 10:53:30 -adminë¼æ¡¿ë˜ì©-
2018-08-15 10:53:50 -adminë¼æ¡¿ë˜ì©-
2018-08-15 10:54:20 -adminë¼æ¡¿ë˜ì©-
2018-08-15 10:54:20 -ë˜ì©ëƒ¥ë¬˜-
2018-08-15 10:56:19 -adminë¼æ¡¿ë˜ì©-
2018-08-15 10:56:19 -ë˜ì©ëƒ¥ë¬˜-
2018-08-15 11:31:40 -adminë¼æ¡¿ë˜ì©-
2018-08-15 11:31:40 -ë˜ì©ëƒ¥ë¬˜-
2018-08-15 12:19:00 -adminë¼æ¡¿ë˜ì©-
2018-08-15 12:19:00 -ë˜ì©ëƒ¥ë¬˜-
>>>>>>> b7bc8bba0ec43c5bd06df71d8bc89bb1c4a39359
