2018-08-19 17:00:04 -admin尝试登陆-
2018-08-19 17:00:35 -admin尝试登陆-
2018-08-19 17:00:36 -登陆成功-
2018-08-19 17:06:40 -admin尝试登陆-
2018-08-19 17:06:40 -登陆成功-
2018-08-19 17:07:44 -admin尝试登陆-
2018-08-19 17:07:44 -登陆成功-
2018-08-19 17:16:38 -admin尝试登陆-
2018-08-19 17:16:38 -登陆成功-
2018-08-19 17:17:04 admin-采购进货订单操作-
2018-08-19 17:19:01 -admin尝试登陆-
2018-08-19 17:19:01 -登陆成功-
2018-08-19 20:16:45 -admin尝试登陆-
2018-08-19 20:16:45 -登陆成功-
2018-08-19 20:17:16 admin-销售订单操作-
2018-08-19 20:17:16 adminPOS销售发生，主仓库卖出12.0(只做参考)

2018-08-19 20:59:32 -admin尝试登陆-
2018-08-19 20:59:32 -登陆成功-
2018-08-19 21:45:05 -admin尝试登陆-
2018-08-19 21:45:05 -登陆成功-
2018-08-19 21:45:47 admin-销售订单操作-
2018-08-19 21:45:47 adminPOS销售发生，主仓库卖出0.0(只做参考)

2018-08-19 21:48:06 -admin尝试登陆-
2018-08-19 21:48:06 -登陆成功-
2018-08-19 21:48:17 admin-销售订单操作-
2018-08-19 21:48:17 adminPOS销售发生，主仓库卖出0.0(只做参考)

2018-08-19 21:48:23 admin-销售订单操作-
2018-08-19 21:48:23 adminPOS销售发生，主仓库卖出25.0(只做参考)

2018-08-19 21:53:25 -admin尝试登陆-
2018-08-19 21:53:26 -登陆成功-
2018-08-19 21:54:42 -admin尝试登陆-
2018-08-19 21:54:42 -登陆成功-
2018-08-19 21:55:12 admin-销售订单操作-
2018-08-19 21:55:13 adminPOS销售发生，主仓库卖出37.0(只做参考)

2018-08-19 21:56:40 -admin尝试登陆-
2018-08-19 21:56:41 -登陆成功-
2018-08-19 22:00:47 -admin尝试登陆-
2018-08-19 22:00:47 -登陆成功-
2018-08-19 22:00:55 admin-销售订单操作-
2018-08-19 22:00:55 adminPOS销售发生，主仓库卖出24.5(只做参考)

2018-08-19 22:01:03 admin-销售订单操作-
2018-08-19 22:01:03 adminPOS销售发生，主仓库卖出29.0(只做参考)

2018-08-19 22:03:31 -admin尝试登陆-
2018-08-19 22:03:31 -登陆成功-
2018-08-19 22:03:41 admin-销售订单操作-
2018-08-19 22:03:41 adminPOS销售发生，主仓库卖出24.5(只做参考)

2018-08-19 22:04:59 -admin尝试登陆-
2018-08-19 22:04:59 -登陆成功-
2018-08-19 22:05:10 admin-销售订单操作-
2018-08-19 22:05:10 adminPOS销售发生，主仓库卖出24.5(只做参考)

2018-08-19 22:05:16 admin-销售订单操作-
2018-08-19 22:05:16 adminPOS销售发生，主仓库卖出25.0(只做参考)

