2018-08-13 00:06:20 -admin尝试登陆-
2018-08-13 00:06:21 -登陆成功-
2018-08-13 00:53:02 -admin尝试登陆-
2018-08-13 00:53:02 -登陆成功-
2018-08-13 00:53:08 -admin尝试登陆-
2018-08-13 00:53:09 -登陆成功-
2018-08-13 00:53:30 -admin尝试登陆-
2018-08-13 00:53:30 -登陆成功-
2018-08-13 00:54:13 -admin尝试登陆-
2018-08-13 00:54:13 -登陆成功-
2018-08-13 00:54:55 -admin尝试登陆-
2018-08-13 00:54:55 -登陆成功-
2018-08-13 00:55:09 -admin尝试登陆-
2018-08-13 00:55:10 -登陆成功-
2018-08-13 00:55:52 -admin尝试登陆-
2018-08-13 00:55:52 -登陆成功-
2018-08-13 00:56:03 -admin尝试登陆-
2018-08-13 00:56:03 -登陆成功-
2018-08-13 00:56:48 -admin尝试登陆-
2018-08-13 00:56:48 -登陆成功-
2018-08-13 00:59:14 -admin尝试登陆-
2018-08-13 00:59:14 -登陆成功-
2018-08-13 00:59:34 -admin尝试登陆-
2018-08-13 00:59:34 -登陆成功-
2018-08-13 01:00:18 -admin尝试登陆-
2018-08-13 01:00:18 -登陆成功-
2018-08-13 01:03:20 -admin尝试登陆-
2018-08-13 01:03:20 -登陆成功-
2018-08-13 01:03:29 -admin尝试登陆-
2018-08-13 01:03:29 -登陆成功-
2018-08-13 01:05:11 -admin尝试登陆-
2018-08-13 01:05:11 -登陆成功-
2018-08-13 01:07:08 -admin尝试登陆-
2018-08-13 01:07:08 -登陆成功-
2018-08-13 01:08:36 -admin尝试登陆-
2018-08-13 01:08:36 -登陆成功-
2018-08-13 01:10:57 -admin尝试登陆-
2018-08-13 01:10:57 -登陆成功-
2018-08-13 01:11:46 -admin尝试登陆-
2018-08-13 01:11:46 -登陆成功-
2018-08-13 01:11:58 -admin尝试登陆-
2018-08-13 01:11:58 -登陆成功-
2018-08-13 01:12:52 -admin尝试登陆-
2018-08-13 01:12:52 -登陆成功-
2018-08-13 01:24:37 -admin尝试登陆-
2018-08-13 01:24:37 -登陆成功-
2018-08-13 01:33:11 -admin尝试登陆-
2018-08-13 01:33:12 -登陆成功-
2018-08-13 01:33:39 -admin尝试登陆-
2018-08-13 01:33:39 -登陆成功-
2018-08-13 01:36:26 -admin尝试登陆-
2018-08-13 01:36:26 -登陆成功-
2018-08-13 01:36:59 -admin尝试登陆-
2018-08-13 01:36:59 -登陆成功-
2018-08-13 01:37:42 -admin尝试登陆-
2018-08-13 01:37:42 -登陆成功-
2018-08-13 01:37:57 -admin尝试登陆-
2018-08-13 01:37:57 -登陆成功-
2018-08-13 01:38:05 -admin尝试登陆-
2018-08-13 01:38:05 -登陆成功-
2018-08-13 01:38:13 -admin尝试登陆-
2018-08-13 01:38:13 -登陆成功-
2018-08-13 01:40:43 -admin尝试登陆-
2018-08-13 01:40:43 -登陆成功-
2018-08-13 01:44:49 -admin尝试登陆-
2018-08-13 01:44:49 -登陆成功-
2018-08-13 01:45:54 -admin尝试登陆-
2018-08-13 01:45:54 -登陆成功-
2018-08-13 01:45:59 -admin尝试登陆-
2018-08-13 01:45:59 -登陆成功-
2018-08-13 01:46:30 -admin尝试登陆-
2018-08-13 01:46:30 -登陆成功-
2018-08-13 01:46:31 -admin尝试登陆-
2018-08-13 01:46:31 -登陆成功-
2018-08-13 10:23:18 -admin尝试登陆-
2018-08-13 10:23:18 -登陆成功-
2018-08-13 10:24:01 -admin尝试登陆-
2018-08-13 10:24:01 -登陆成功-
2018-08-13 10:26:00 -admin尝试登陆-
2018-08-13 10:26:00 -登陆成功-
2018-08-13 10:30:28 -admin尝试登陆-
2018-08-13 10:30:28 -登陆成功-
2018-08-13 10:31:06 -admin尝试登陆-
2018-08-13 10:31:06 -登陆成功-
2018-08-13 10:34:36 -admin尝试登陆-
2018-08-13 10:34:36 -登陆成功-
2018-08-13 10:34:44 -admin尝试登陆-
2018-08-13 10:34:44 -登陆成功-
2018-08-13 11:15:32 -admin尝试登陆-
2018-08-13 11:15:32 -登陆成功-
2018-08-13 11:16:03 -admin尝试登陆-
2018-08-13 11:16:03 -登陆成功-
2018-08-13 11:16:42 -admin尝试登陆-
2018-08-13 11:16:42 -登陆成功-
2018-08-13 11:16:59 -admin尝试登陆-
2018-08-13 11:16:59 -登陆成功-
2018-08-13 11:17:15 -admin尝试登陆-
2018-08-13 11:17:15 -登陆成功-
2018-08-13 11:18:22 -admin尝试登陆-
2018-08-13 11:18:22 -登陆成功-
2018-08-13 11:20:52 -admin尝试登陆-
2018-08-13 11:20:52 -登陆成功-
2018-08-13 11:23:03 -admin尝试登陆-
2018-08-13 11:23:04 -登陆成功-
2018-08-13 11:24:46 -admin尝试登陆-
2018-08-13 11:24:46 -登陆成功-
2018-08-13 11:25:02 -admin尝试登陆-
2018-08-13 11:25:02 -登陆成功-
2018-08-13 11:25:48 -admin尝试登陆-
2018-08-13 11:25:48 -登陆成功-
2018-08-13 11:29:14 -admin尝试登陆-
2018-08-13 11:29:14 -登陆成功-
2018-08-13 11:31:52 -admin尝试登陆-
2018-08-13 11:31:52 -登陆成功-
2018-08-13 11:34:55 -admin尝试登陆-
2018-08-13 11:34:55 -登陆成功-
2018-08-13 11:35:37 -admin尝试登陆-
2018-08-13 11:35:37 -登陆成功-
2018-08-13 11:36:11 -admin尝试登陆-
2018-08-13 11:36:11 -登陆成功-
2018-08-13 11:36:57 -admin尝试登陆-
2018-08-13 11:36:57 -登陆成功-
2018-08-13 11:37:54 -admin尝试登陆-
2018-08-13 11:37:54 -登陆成功-
2018-08-13 11:54:38 -admin尝试登陆-
2018-08-13 11:54:38 -登陆成功-
2018-08-13 11:55:11 -admin尝试登陆-
2018-08-13 11:55:11 -登陆成功-
2018-08-13 12:00:05 -admin尝试登陆-
2018-08-13 12:00:05 -登陆成功-
2018-08-13 12:02:56 -admin尝试登陆-
2018-08-13 12:02:56 -登陆成功-
2018-08-13 12:03:47 -admin尝试登陆-
2018-08-13 12:03:47 -登陆成功-
2018-08-13 12:04:18 -admin尝试登陆-
2018-08-13 12:04:18 -登陆成功-
2018-08-13 12:05:35 -admin尝试登陆-
2018-08-13 12:05:35 -登陆成功-
2018-08-13 12:06:47 -admin尝试登陆-
2018-08-13 12:06:47 -登陆成功-
2018-08-13 12:45:54 -admin尝试登陆-
2018-08-13 12:45:54 -登陆成功-
2018-08-13 12:46:18 -admin尝试登陆-
2018-08-13 12:46:18 -登陆成功-
2018-08-13 12:51:27 -admin尝试登陆-
2018-08-13 12:51:27 -登陆成功-
2018-08-13 12:54:10 -admin尝试登陆-
2018-08-13 12:54:11 -登陆成功-
2018-08-13 12:56:39 -admin尝试登陆-
2018-08-13 12:56:39 -登陆成功-
2018-08-13 12:57:11 -admin尝试登陆-
2018-08-13 12:57:11 -登陆成功-
2018-08-13 12:57:58 -admin尝试登陆-
2018-08-13 12:57:58 -登陆成功-
2018-08-13 12:59:02 -admin尝试登陆-
2018-08-13 12:59:02 -登陆成功-
2018-08-13 12:59:23 -admin尝试登陆-
2018-08-13 12:59:23 -登陆成功-
2018-08-13 12:59:37 -admin尝试登陆-
2018-08-13 12:59:37 -登陆成功-
2018-08-13 12:59:48 -admin尝试登陆-
2018-08-13 12:59:48 -登陆成功-
2018-08-13 13:00:45 -admin尝试登陆-
2018-08-13 13:00:45 -登陆成功-
2018-08-13 13:01:05 -admin尝试登陆-
2018-08-13 13:01:05 -登陆成功-
2018-08-13 13:02:00 -admin尝试登陆-
2018-08-13 13:02:00 -登陆成功-
2018-08-13 13:02:02 admin-销售订单操作-
2018-08-13 13:11:38 -admin尝试登陆-
2018-08-13 13:11:38 -登陆成功-
2018-08-13 13:17:44 -admin尝试登陆-
2018-08-13 13:17:44 -登陆成功-
2018-08-13 13:20:36 -admin尝试登陆-
2018-08-13 13:20:36 -登陆成功-
2018-08-13 13:22:46 -admin尝试登陆-
2018-08-13 13:22:46 -登陆成功-
2018-08-13 13:23:00 -admin尝试登陆-
2018-08-13 13:23:00 -登陆成功-
2018-08-13 13:24:38 -admin尝试登陆-
2018-08-13 13:24:38 -登陆成功-
2018-08-13 13:25:07 -admin尝试登陆-
2018-08-13 13:25:07 -登陆成功-
2018-08-13 13:25:11 admin-销售订单操作-
2018-08-13 13:26:02 -admin尝试登陆-
2018-08-13 13:26:02 -登陆成功-
2018-08-13 13:26:09 admin-销售订单操作-
2018-08-13 13:26:38 -admin尝试登陆-
2018-08-13 13:26:38 -登陆成功-
2018-08-13 13:26:44 admin-销售订单操作-
2018-08-13 14:01:56 -admin尝试登陆-
2018-08-13 14:01:56 -登陆成功-
2018-08-13 14:02:11 admin-销售订单操作-
2018-08-13 14:11:21 -admin尝试登陆-
2018-08-13 14:11:21 -登陆成功-
2018-08-13 14:11:27 admin-销售订单操作-
2018-08-13 14:18:23 -admin尝试登陆-
2018-08-13 14:18:24 -登陆成功-
2018-08-13 14:18:53 -admin尝试登陆-
2018-08-13 14:18:53 -登陆成功-
2018-08-13 14:19:11 admin-销售订单操作-
2018-08-13 14:23:46 -admin尝试登陆-
2018-08-13 14:23:46 -登陆成功-
2018-08-13 14:23:51 admin-销售订单操作-
2018-08-13 14:28:04 -admin尝试登陆-
2018-08-13 14:28:04 -登陆成功-
2018-08-13 14:29:24 -admin尝试登陆-
2018-08-13 14:29:24 -登陆成功-
2018-08-13 14:29:37 admin-销售订单操作-
2018-08-13 14:31:36 -admin尝试登陆-
2018-08-13 14:31:36 -登陆成功-
2018-08-13 14:31:40 admin-销售订单操作-
2018-08-13 14:33:58 -admin尝试登陆-
2018-08-13 14:33:58 -登陆成功-
2018-08-13 14:33:58 admin-采购进货订单操作-
2018-08-13 14:34:10 -admin尝试登陆-
2018-08-13 14:34:10 -登陆成功-
2018-08-13 14:34:14 admin-销售订单操作-
2018-08-13 14:35:39 -admin尝试登陆-
2018-08-13 14:35:39 -登陆成功-
2018-08-13 14:35:43 admin-销售订单操作-
2018-08-13 14:37:04 -admin尝试登陆-
2018-08-13 14:37:04 -登陆成功-
2018-08-13 14:37:04 admin-采购进货订单操作-
2018-08-13 14:37:39 -admin尝试登陆-
2018-08-13 14:37:39 -登陆成功-
2018-08-13 14:37:42 admin-销售订单操作-
2018-08-13 14:43:22 -admin尝试登陆-
2018-08-13 14:43:22 -登陆成功-
2018-08-13 14:43:25 admin-销售订单操作-
2018-08-13 14:44:36 -admin尝试登陆-
2018-08-13 14:44:36 -登陆成功-
2018-08-13 14:49:01 -admin尝试登陆-
2018-08-13 14:49:01 -登陆成功-
2018-08-13 14:50:49 -admin尝试登陆-
2018-08-13 14:50:49 -登陆成功-
2018-08-13 14:50:53 admin-销售订单操作-
2018-08-13 14:51:17 admin-销售订单操作-
2018-08-13 15:07:28 -admin尝试登陆-
2018-08-13 15:07:28 -登陆成功-
2018-08-13 15:07:37 admin-销售订单操作-
2018-08-13 15:23:36 -admin尝试登陆-
2018-08-13 15:23:36 -登陆成功-
2018-08-13 15:23:50 -admin尝试登陆-
2018-08-13 15:23:50 -登陆成功-
2018-08-13 15:24:00 admin-销售订单操作-
2018-08-13 15:25:05 -admin尝试登陆-
2018-08-13 15:25:05 -登陆成功-
2018-08-13 15:25:23 admin-销售订单操作-
2018-08-13 15:25:40 -admin尝试登陆-
2018-08-13 15:25:40 -登陆成功-
2018-08-13 15:25:54 admin-销售订单操作-
2018-08-13 15:27:19 -admin尝试登陆-
2018-08-13 15:27:19 -登陆成功-
2018-08-13 15:27:25 admin-销售订单操作-
2018-08-13 15:28:32 -admin尝试登陆-
2018-08-13 15:28:32 -登陆成功-
2018-08-13 15:28:43 admin-销售订单操作-
2018-08-13 15:29:17 -admin尝试登陆-
2018-08-13 15:29:17 -登陆成功-
2018-08-13 15:29:28 admin-销售订单操作-
2018-08-13 16:32:17 -admin尝试登陆-
2018-08-13 16:32:17 -登陆成功-
2018-08-13 16:32:34 admin-销售订单操作-
2018-08-13 16:38:26 -admin尝试登陆-
2018-08-13 16:38:26 -登陆成功-
2018-08-13 16:38:32 admin-销售订单操作-
2018-08-13 16:41:15 -admin尝试登陆-
2018-08-13 16:41:15 -登陆成功-
2018-08-13 16:52:28 -admin尝试登陆-
2018-08-13 16:52:28 -登陆成功-
2018-08-13 16:52:40 -admin尝试登陆-
2018-08-13 16:52:40 -登陆成功-
2018-08-13 16:59:28 -admin尝试登陆-
2018-08-13 16:59:28 -登陆成功-
2018-08-13 20:40:02 -admin尝试登陆-
2018-08-13 20:40:02 -登陆成功-
2018-08-13 20:40:06 admin-销售订单操作-
2018-08-13 20:40:07 adminPOS销售发生，主仓库卖出25.0(只做参考)

