2018-08-17 09:30:58 -admin³¢ÊÔµÇÂ½-
2018-08-17 09:30:58 -µÇÂ½³É¹¦-
2018-08-17 09:31:53 admin-²É¹º½ø»õ¶©µ¥²Ù×÷-
2018-08-17 09:46:36 -admin³¢ÊÔµÇÂ½-
2018-08-17 09:46:36 -µÇÂ½³É¹¦-
2018-08-17 09:50:55 -admin³¢ÊÔµÇÂ½-
2018-08-17 09:50:55 -µÇÂ½³É¹¦-
2018-08-17 09:51:15 -admin³¢ÊÔµÇÂ½-
2018-08-17 09:51:15 -µÇÂ½³É¹¦-
2018-08-17 09:51:51 admin-ÏúÊÛ¶©µ¥²Ù×÷-
2018-08-17 09:51:51 adminPOSÏúÊÛ·¢Éú£¬Ö÷²Ö¿âÂô³ö56.0(Ö»×ö²Î¿¼)

2018-08-17 09:53:24 -admin³¢ÊÔµÇÂ½-
2018-08-17 09:53:24 -µÇÂ½³É¹¦-
2018-08-17 10:05:57 -admin³¢ÊÔµÇÂ½-
2018-08-17 10:05:57 -µÇÂ½³É¹¦-
2018-08-17 10:19:25 -admin³¢ÊÔµÇÂ½-
2018-08-17 10:19:25 -µÇÂ½³É¹¦-
2018-08-17 10:20:26 -admin³¢ÊÔµÇÂ½-
2018-08-17 10:20:26 -µÇÂ½³É¹¦-
2018-08-17 10:21:44 -admin³¢ÊÔµÇÂ½-
2018-08-17 10:21:44 -µÇÂ½³É¹¦-
2018-08-17 10:22:09 -adminï¿½ï¿½ï¿½Ôµï¿½Â½-
2018-08-17 10:22:12 -adminï¿½ï¿½ï¿½Ôµï¿½Â½-
2018-08-17 10:25:24 -admin³¢ÊÔµÇÂ½-
2018-08-17 10:25:24 -µÇÂ½³É¹¦-
2018-08-17 10:43:30 -admin³¢ÊÔµÇÂ½-
2018-08-17 10:43:30 -µÇÂ½³É¹¦-
2018-08-17 10:46:10 -admin³¢ÊÔµÇÂ½-
2018-08-17 10:46:10 -µÇÂ½³É¹¦-
2018-08-17 10:47:45 -admin³¢ÊÔµÇÂ½-
2018-08-17 10:47:45 -µÇÂ½³É¹¦-
2018-08-17 10:47:58 -admin³¢ÊÔµÇÂ½-
2018-08-17 10:47:58 -µÇÂ½³É¹¦-
2018-08-17 10:48:12 -admin³¢ÊÔµÇÂ½-
2018-08-17 10:48:12 -µÇÂ½³É¹¦-
2018-08-17 10:48:54 -admin³¢ÊÔµÇÂ½-
2018-08-17 10:48:54 -µÇÂ½³É¹¦-
2018-08-17 10:52:44 -admin³¢ÊÔµÇÂ½-
2018-08-17 10:52:44 -µÇÂ½³É¹¦-
2018-08-17 10:54:30 -admin³¢ÊÔµÇÂ½-
2018-08-17 10:54:30 -µÇÂ½³É¹¦-
2018-08-17 11:23:38 -admin³¢ÊÔµÇÂ½-
2018-08-17 11:23:39 -µÇÂ½³É¹¦-
2018-08-17 11:24:16 -admin³¢ÊÔµÇÂ½-
2018-08-17 11:24:16 -µÇÂ½³É¹¦-
2018-08-17 11:26:39 -admin³¢ÊÔµÇÂ½-
2018-08-17 11:26:39 -µÇÂ½³É¹¦-
2018-08-17 11:28:26 -admin³¢ÊÔµÇÂ½-
2018-08-17 11:28:26 -µÇÂ½³É¹¦-
2018-08-17 11:29:57 -admin³¢ÊÔµÇÂ½-
2018-08-17 11:29:57 -µÇÂ½³É¹¦-
2018-08-17 11:30:10 -admin³¢ÊÔµÇÂ½-
2018-08-17 11:30:10 -µÇÂ½³É¹¦-
2018-08-17 11:30:16 -admin³¢ÊÔµÇÂ½-
2018-08-17 11:30:16 -µÇÂ½³É¹¦-
2018-08-17 11:31:01 -admin³¢ÊÔµÇÂ½-
2018-08-17 11:31:01 -µÇÂ½³É¹¦-
2018-08-17 11:33:54 -admin³¢ÊÔµÇÂ½-
2018-08-17 11:33:54 -µÇÂ½³É¹¦-
2018-08-17 11:35:22 -admin³¢ÊÔµÇÂ½-
2018-08-17 11:35:22 -µÇÂ½³É¹¦-
2018-08-17 11:36:56 -admin³¢ÊÔµÇÂ½-
2018-08-17 11:36:56 -µÇÂ½³É¹¦-
2018-08-17 11:40:01 -admin³¢ÊÔµÇÂ½-
2018-08-17 11:40:01 -µÇÂ½³É¹¦-
2018-08-17 11:40:10 -admin³¢ÊÔµÇÂ½-
2018-08-17 11:40:10 -µÇÂ½³É¹¦-
2018-08-17 11:40:25 -admin³¢ÊÔµÇÂ½-
2018-08-17 11:40:25 -µÇÂ½³É¹¦-
2018-08-17 11:45:48 -admin³¢ÊÔµÇÂ½-
2018-08-17 11:45:48 -µÇÂ½³É¹¦-
2018-08-17 11:46:35 -admin³¢ÊÔµÇÂ½-
2018-08-17 11:46:35 -µÇÂ½³É¹¦-
2018-08-17 11:47:30 -admin³¢ÊÔµÇÂ½-
2018-08-17 11:47:30 -µÇÂ½³É¹¦-
2018-08-17 11:51:46 -admin³¢ÊÔµÇÂ½-
2018-08-17 11:51:46 -µÇÂ½³É¹¦-
2018-08-17 11:53:13 -admin³¢ÊÔµÇÂ½-
2018-08-17 11:53:13 -µÇÂ½³É¹¦-
2018-08-17 11:54:08 -admin³¢ÊÔµÇÂ½-
2018-08-17 11:54:08 -µÇÂ½³É¹¦-
2018-08-17 11:55:32 -admin³¢ÊÔµÇÂ½-
2018-08-17 11:55:32 -µÇÂ½³É¹¦-
2018-08-17 12:36:56 -admin³¢ÊÔµÇÂ½-
2018-08-17 12:36:56 -µÇÂ½³É¹¦-
2018-08-17 12:37:26 admin-²É¹º½ø»õ¶©µ¥²Ù×÷-
2018-08-17 12:38:02 -admin³¢ÊÔµÇÂ½-
2018-08-17 12:38:02 -µÇÂ½³É¹¦-
2018-08-17 12:41:05 -admin³¢ÊÔµÇÂ½-
2018-08-17 12:41:05 -µÇÂ½³É¹¦-
2018-08-17 12:42:19 -admin³¢ÊÔµÇÂ½-
2018-08-17 12:42:19 -µÇÂ½³É¹¦-
2018-08-17 12:42:31 -admin³¢ÊÔµÇÂ½-
2018-08-17 12:42:31 -µÇÂ½³É¹¦-
2018-08-17 12:44:55 -admin³¢ÊÔµÇÂ½-
2018-08-17 12:44:55 -µÇÂ½³É¹¦-
2018-08-17 14:15:41 -admin³¢ÊÔµÇÂ½-
2018-08-17 14:15:43 -admin³¢ÊÔµÇÂ½-
2018-08-17 14:15:43 -µÇÂ½³É¹¦-
2018-08-17 14:17:39 -admin³¢ÊÔµÇÂ½-
2018-08-17 14:17:39 -µÇÂ½³É¹¦-
2018-08-17 16:02:15 -admin³¢ÊÔµÇÂ½-
2018-08-17 16:02:15 -µÇÂ½³É¹¦-
2018-08-17 16:09:16 -admin³¢ÊÔµÇÂ½-
2018-08-17 16:09:16 -µÇÂ½³É¹¦-
2018-08-17 16:11:33 -admin³¢ÊÔµÇÂ½-
2018-08-17 16:11:33 -µÇÂ½³É¹¦-
2018-08-17 16:11:47 admin-ÏúÊÛ¶©µ¥²Ù×÷-
2018-08-17 16:11:47 adminPOSÏúÊÛ·¢Éú£¬Ö÷²Ö¿âÂô³ö36.0(Ö»×ö²Î¿¼)

2018-08-17 16:48:17 -admin³¢ÊÔµÇÂ½-
2018-08-17 16:48:17 -µÇÂ½³É¹¦-
2018-08-17 17:01:02 -admin³¢ÊÔµÇÂ½-
2018-08-17 17:01:02 -µÇÂ½³É¹¦-
2018-08-17 17:01:16 -admin³¢ÊÔµÇÂ½-
2018-08-17 17:01:16 -µÇÂ½³É¹¦-
2018-08-17 17:01:26 -admin³¢ÊÔµÇÂ½-
2018-08-17 17:01:26 -µÇÂ½³É¹¦-
2018-08-17 17:02:07 -admin³¢ÊÔµÇÂ½-
2018-08-17 17:02:07 -µÇÂ½³É¹¦-
2018-08-17 17:13:44 -admin³¢ÊÔµÇÂ½-
2018-08-17 17:13:44 -µÇÂ½³É¹¦-
2018-08-17 17:15:35 -admin³¢ÊÔµÇÂ½-
2018-08-17 17:15:35 -µÇÂ½³É¹¦-
2018-08-17 17:18:05 -admin³¢ÊÔµÇÂ½-
2018-08-17 17:18:05 -µÇÂ½³É¹¦-
2018-08-17 17:31:55 -admin³¢ÊÔµÇÂ½-
2018-08-17 17:31:55 -µÇÂ½³É¹¦-
2018-08-17 17:32:12 -admin³¢ÊÔµÇÂ½-
2018-08-17 17:32:12 -µÇÂ½³É¹¦-
2018-08-17 17:32:46 admin-µ÷²¦¶©µ¥²Ù×÷-
2018-08-17 17:42:42 -admin³¢ÊÔµÇÂ½-
2018-08-17 17:42:42 -µÇÂ½³É¹¦-
2018-08-17 17:43:14 -admin³¢ÊÔµÇÂ½-
2018-08-17 17:43:14 -µÇÂ½³É¹¦-
2018-08-17 17:44:10 -admin³¢ÊÔµÇÂ½-
2018-08-17 17:44:10 -µÇÂ½³É¹¦-
2018-08-17 17:44:59 -admin³¢ÊÔµÇÂ½-
2018-08-17 17:45:00 -µÇÂ½³É¹¦-
2018-08-17 17:45:04 -admin³¢ÊÔµÇÂ½-
2018-08-17 17:45:04 -µÇÂ½³É¹¦-
2018-08-17 17:45:08 -admin³¢ÊÔµÇÂ½-
2018-08-17 17:45:08 -µÇÂ½³É¹¦-
2018-08-17 17:45:21 -admin³¢ÊÔµÇÂ½-
2018-08-17 17:45:21 -µÇÂ½³É¹¦-
2018-08-17 17:45:41 -admin³¢ÊÔµÇÂ½-
2018-08-17 17:45:41 -µÇÂ½³É¹¦-
2018-08-17 17:45:48 -admin³¢ÊÔµÇÂ½-
2018-08-17 17:45:48 -µÇÂ½³É¹¦-
2018-08-17 17:46:02 -admin³¢ÊÔµÇÂ½-
2018-08-17 17:46:02 -µÇÂ½³É¹¦-
