2018-08-14 00:04:05 -admin尝试登陆-
2018-08-14 00:04:05 -登陆成功-
2018-08-14 00:18:02 -admin尝试登陆-
2018-08-14 00:18:02 -登陆成功-
2018-08-14 00:18:10 admin-销售订单操作-
2018-08-14 00:18:10 adminPOS销售发生，主仓库卖出0.0(只做参考)

2018-08-14 00:21:02 -admin尝试登陆-
2018-08-14 00:21:02 -登陆成功-
2018-08-14 00:21:08 admin-销售订单操作-
2018-08-14 00:21:08 adminPOS销售发生，主仓库卖出13.0(只做参考)

2018-08-14 10:56:28 -admin尝试登陆-
2018-08-14 10:56:29 -登陆成功-
2018-08-14 10:56:37 admin-销售订单操作-
2018-08-14 10:56:37 adminPOS销售发生，主仓库卖出5.0(只做参考)

2018-08-14 10:56:42 -admin尝试登陆-
2018-08-14 10:56:42 -登陆成功-
2018-08-14 11:01:35 -admin尝试登陆-
2018-08-14 11:01:35 -登陆成功-
2018-08-14 11:01:41 admin-销售订单操作-
2018-08-14 11:01:41 adminPOS销售发生，主仓库卖出29.0(只做参考)

2018-08-14 11:56:50 -admin尝试登陆-
2018-08-14 11:56:50 -登陆成功-
2018-08-14 15:42:41 -pos尝试登陆-
2018-08-14 15:43:01 -admin尝试登陆-
2018-08-14 15:43:01 -登陆成功-
2018-08-14 15:43:34 admin-销售订单操作-
2018-08-14 15:43:34 adminPOS销售发生，主仓库卖出5.0(只做参考)

2018-08-14 15:43:41 admin-销售订单操作-
2018-08-14 15:43:41 adminPOS销售发生，主仓库卖出5.0(只做参考)

2018-08-14 15:45:21 -admin尝试登陆-
2018-08-14 15:45:21 -登陆成功-
2018-08-14 15:45:27 admin-销售订单操作-
2018-08-14 15:45:27 adminPOS销售发生，主仓库卖出12.0(只做参考)

2018-08-14 15:45:53 -admin尝试登陆-
2018-08-14 15:45:53 -登陆成功-
2018-08-14 15:45:59 admin-销售订单操作-
2018-08-14 15:45:59 adminPOS销售发生，主仓库卖出4.0(只做参考)

2018-08-14 15:46:21 -admin尝试登陆-
2018-08-14 15:46:21 -登陆成功-
2018-08-14 15:46:23 admin-销售订单操作-
2018-08-14 15:46:23 adminPOS销售发生，主仓库卖出0.0(只做参考)

2018-08-14 15:47:26 -admin尝试登陆-
2018-08-14 15:47:26 -登陆成功-
2018-08-14 15:47:30 admin-销售订单操作-
2018-08-14 15:47:30 adminPOS销售发生，主仓库卖出5.0(只做参考)

2018-08-14 15:50:30 -admin尝试登陆-
2018-08-14 15:50:30 -登陆成功-
2018-08-14 15:50:36 admin-销售订单操作-
2018-08-14 15:50:36 adminPOS销售发生，主仓库卖出12.0(只做参考)

2018-08-14 15:54:39 -admin尝试登陆-
2018-08-14 15:54:39 -登陆成功-
2018-08-14 15:54:43 admin-销售订单操作-
2018-08-14 15:54:43 adminPOS销售发生，主仓库卖出12.0(只做参考)

2018-08-14 16:31:12 -admin尝试登陆-
2018-08-14 16:31:12 -登陆成功-
2018-08-14 17:36:48 -admin尝试登陆-
2018-08-14 17:36:48 -登陆成功-
2018-08-14 17:37:12 admin-采购进货订单操作-
2018-08-14 17:41:58 -admin尝试登陆-
2018-08-14 17:41:58 -登陆成功-
2018-08-14 17:42:14 admin-采购进货订单操作-
2018-08-14 17:43:16 -admin尝试登陆-
2018-08-14 17:43:16 -登陆成功-
2018-08-14 17:45:09 -admin尝试登陆-
2018-08-14 17:45:09 -登陆成功-
2018-08-14 17:47:35 -admin尝试登陆-
2018-08-14 17:47:35 -登陆成功-
2018-08-14 17:48:32 -admin尝试登陆-
2018-08-14 17:48:32 -登陆成功-
2018-08-14 17:50:38 -admin尝试登陆-
2018-08-14 17:50:38 -登陆成功-
2018-08-14 17:51:33 -admin尝试登陆-
2018-08-14 17:51:33 -登陆成功-
2018-08-14 17:52:47 -admin尝试登陆-
2018-08-14 17:52:47 -登陆成功-
2018-08-14 17:53:07 admin-销售订单操作-
2018-08-14 17:55:51 -admin尝试登陆-
2018-08-14 17:55:51 -登陆成功-
2018-08-14 17:56:09 admin-销售退货订单操作-
2018-08-14 17:58:22 -admin尝试登陆-
2018-08-14 17:58:22 -登陆成功-
2018-08-14 18:01:29 -admin尝试登陆-
2018-08-14 18:01:29 -登陆成功-
2018-08-14 18:01:41 -admin尝试登陆-
2018-08-14 18:01:41 -登陆成功-
2018-08-14 18:03:03 -admin尝试登陆-
2018-08-14 18:03:03 -登陆成功-
2018-08-14 20:52:16 -admin尝试登陆-
2018-08-14 20:52:16 -登陆成功-
2018-08-14 20:54:14 -admin尝试登陆-
2018-08-14 20:54:14 -登陆成功-
2018-08-14 20:59:07 -admin尝试登陆-
2018-08-14 20:59:07 -登陆成功-
2018-08-14 20:59:54 -admin尝试登陆-
2018-08-14 20:59:54 -登陆成功-
2018-08-14 21:04:29 -admin尝试登陆-
2018-08-14 21:04:29 -登陆成功-
2018-08-14 23:19:03 -admin尝试登陆-
2018-08-14 23:19:03 -登陆成功-
2018-08-14 23:19:26 admin-调拨订单操作-
2018-08-14 23:20:20 -admin尝试登陆-
2018-08-14 23:20:20 -登陆成功-
2018-08-14 23:20:36 admin-调拨订单操作-
2018-08-14 23:23:33 -admin尝试登陆-
2018-08-14 23:23:33 -登陆成功-
2018-08-14 23:23:54 admin-调拨订单操作-
2018-08-14 23:25:44 -admin尝试登陆-
2018-08-14 23:25:45 -登陆成功-
2018-08-14 23:26:50 admin-调拨订单操作-
2018-08-14 23:28:33 -admin尝试登陆-
2018-08-14 23:28:33 -登陆成功-
2018-08-14 23:28:45 admin-调拨订单操作-
2018-08-14 23:31:34 -admin尝试登陆-
2018-08-14 23:31:34 -登陆成功-
2018-08-14 23:31:41 admin-调拨订单操作-
2018-08-14 23:34:16 -admin尝试登陆-
2018-08-14 23:34:16 -登陆成功-
2018-08-14 23:34:21 admin-调拨订单操作-
2018-08-14 23:34:43 -admin尝试登陆-
2018-08-14 23:34:43 -登陆成功-
2018-08-14 23:35:57 admin-调拨订单操作-
2018-08-14 23:37:20 -admin尝试登陆-
2018-08-14 23:37:20 -登陆成功-
2018-08-14 23:37:27 admin-调拨订单操作-
2018-08-14 23:38:24 -admin尝试登陆-
2018-08-14 23:38:24 -登陆成功-
2018-08-14 23:38:42 admin-调拨订单操作-
2018-08-14 23:39:08 -admin尝试登陆-
2018-08-14 23:39:08 -登陆成功-
2018-08-14 23:39:26 admin-调拨订单操作-
2018-08-14 23:39:35 -admin尝试登陆-
2018-08-14 23:39:35 -登陆成功-
2018-08-14 23:39:41 admin-调拨订单操作-
2018-08-14 23:40:49 -admin尝试登陆-
2018-08-14 23:40:49 -登陆成功-
2018-08-14 23:41:28 -admin尝试登陆-
2018-08-14 23:41:28 -登陆成功-
2018-08-14 23:41:36 admin-调拨订单操作-
