2018-08-20 09:13:55 -admin尝试登陆-
2018-08-20 09:13:55 -登陆成功-
2018-08-20 09:14:02 admin-销售订单操作-
2018-08-20 09:14:03 adminPOS销售发生，主仓库卖出17.0(只做参考)

2018-08-20 09:14:10 admin-销售订单操作-
2018-08-20 09:14:10 adminPOS销售发生，主仓库卖出25.0(只做参考)

2018-08-20 09:18:04 -admin尝试登陆-
2018-08-20 09:18:04 -登陆成功-
2018-08-20 09:33:41 -admin尝试登陆-
2018-08-20 09:33:41 -登陆成功-
2018-08-20 09:33:56 admin-销售订单操作-
2018-08-20 09:33:56 adminPOS销售发生，主仓库卖出12.0(只做参考)

2018-08-20 09:34:08 admin-销售订单操作-
2018-08-20 09:34:08 adminPOS销售发生，主仓库卖出16.0(只做参考)

2018-08-20 09:37:26 -admin尝试登陆-
2018-08-20 09:37:26 -登陆成功-
2018-08-20 09:37:38 admin-销售订单操作-
2018-08-20 09:37:38 adminPOS销售发生，主仓库卖出0.0(只做参考)

2018-08-20 09:39:14 -admin尝试登陆-
2018-08-20 09:39:14 -登陆成功-
2018-08-20 09:39:26 admin-销售订单操作-
2018-08-20 09:39:26 adminPOS销售发生，主仓库卖出0.0(只做参考)

2018-08-20 09:40:16 -admin尝试登陆-
2018-08-20 09:40:16 -登陆成功-
2018-08-20 09:40:23 admin-销售订单操作-
2018-08-20 09:40:23 adminPOS销售发生，主仓库卖出11.879999999999999(只做参考)

2018-08-20 09:40:44 -admin尝试登陆-
2018-08-20 09:40:44 -登陆成功-
2018-08-20 09:41:15 -admin尝试登陆-
2018-08-20 09:41:15 -登陆成功-
2018-08-20 10:37:20 -admin尝试登陆-
2018-08-20 10:37:20 -登陆成功-
2018-08-20 10:39:28 -admin尝试登陆-
2018-08-20 10:39:28 -登陆成功-
2018-08-20 10:40:11 -admin尝试登陆-
2018-08-20 10:40:11 -登陆成功-
2018-08-20 10:40:26 -admin尝试登陆-
2018-08-20 10:40:26 -登陆成功-
2018-08-20 10:43:27 -admin尝试登陆-
2018-08-20 10:43:27 -登陆成功-
2018-08-20 10:43:32 -admin尝试登陆-
2018-08-20 10:43:32 -登陆成功-
2018-08-20 10:43:42 -admin尝试登陆-
2018-08-20 10:43:42 -登陆成功-
2018-08-20 10:43:50 -admin尝试登陆-
2018-08-20 10:43:50 -登陆成功-
2018-08-20 15:10:17 -admin尝试登陆-
2018-08-20 15:10:17 -登陆成功-
2018-08-20 16:13:31 -admin尝试登陆-
2018-08-20 16:13:31 -登陆成功-
2018-08-20 16:14:04 -admin尝试登陆-
2018-08-20 16:14:04 -登陆成功-
2018-08-20 16:17:57 -admin尝试登陆-
2018-08-20 16:17:57 -登陆成功-
2018-08-20 16:18:38 -admin尝试登陆-
2018-08-20 16:18:38 -登陆成功-
2018-08-20 16:19:56 -admin尝试登陆-
2018-08-20 16:19:56 -登陆成功-
2018-08-20 16:23:32 -admin尝试登陆-
2018-08-20 16:23:32 -登陆成功-
2018-08-20 16:24:54 -admin尝试登陆-
2018-08-20 16:24:55 -登陆成功-
2018-08-20 16:25:39 -admin尝试登陆-
2018-08-20 16:25:39 -登陆成功-
2018-08-20 16:26:07 -admin尝试登陆-
2018-08-20 16:26:07 -登陆成功-
2018-08-20 16:26:58 -admin尝试登陆-
2018-08-20 16:26:58 -登陆成功-
2018-08-20 16:27:03 -admin尝试登陆-
2018-08-20 16:27:03 -登陆成功-
2018-08-20 16:27:17 -admin尝试登陆-
2018-08-20 16:27:17 -登陆成功-
2018-08-20 16:27:34 -admin尝试登陆-
2018-08-20 16:27:34 -登陆成功-
2018-08-20 16:30:34 -admin尝试登陆-
2018-08-20 16:30:34 -登陆成功-
2018-08-20 16:32:41 -admin尝试登陆-
2018-08-20 16:32:41 -登陆成功-
2018-08-20 16:32:55 -admin尝试登陆-
2018-08-20 16:32:55 -登陆成功-
2018-08-20 16:33:01 -admin尝试登陆-
2018-08-20 16:33:01 -登陆成功-
2018-08-20 16:40:02 -admin尝试登陆-
2018-08-20 16:40:02 -登陆成功-
2018-08-20 16:40:24 -admin尝试登陆-
2018-08-20 16:40:24 -登陆成功-
2018-08-20 16:42:33 -admin尝试登陆-
2018-08-20 16:42:33 -登陆成功-
2018-08-20 16:42:46 -admin尝试登陆-
2018-08-20 16:42:46 -登陆成功-
2018-08-20 16:49:13 -admin尝试登陆-
2018-08-20 16:49:13 -登陆成功-
2018-08-20 16:50:07 -admin尝试登陆-
2018-08-20 16:50:07 -登陆成功-
2018-08-20 16:51:26 -admin尝试登陆-
2018-08-20 16:51:26 -登陆成功-
2018-08-20 16:52:11 -123尝试登陆-
2018-08-20 16:52:16 -admin尝试登陆-
2018-08-20 16:52:16 -登陆成功-
2018-08-20 16:54:05 -admin尝试登陆-
2018-08-20 16:54:05 -登陆成功-
2018-08-20 16:54:43 -admin尝试登陆-
2018-08-20 16:54:46 -admin尝试登陆-
2018-08-20 16:54:46 -登陆成功-
2018-08-20 16:59:57 -admin尝试登陆-
2018-08-20 16:59:57 -登陆成功-
2018-08-20 17:02:33 -admin尝试登陆-
2018-08-20 17:02:33 -登陆成功-
2018-08-20 17:03:02 -admin尝试登陆-
2018-08-20 17:03:02 -登陆成功-
2018-08-20 17:05:07 -admin尝试登陆-
2018-08-20 17:05:07 -登陆成功-
2018-08-20 17:05:28 -admin尝试登陆-
2018-08-20 17:05:28 -登陆成功-
2018-08-20 17:07:17 -admin尝试登陆-
2018-08-20 17:07:17 -登陆成功-
2018-08-20 17:08:07 -admin尝试登陆-
2018-08-20 17:08:07 -登陆成功-
2018-08-20 17:08:36 -admin尝试登陆-
2018-08-20 17:08:36 -登陆成功-
2018-08-20 17:10:10 -admin尝试登陆-
2018-08-20 17:10:10 -登陆成功-
2018-08-20 17:10:20 -admin尝试登陆-
2018-08-20 17:10:20 -登陆成功-
2018-08-20 17:13:03 -admin尝试登陆-
2018-08-20 17:13:03 -登陆成功-
2018-08-20 17:21:37 -admin尝试登陆-
2018-08-20 17:21:37 -登陆成功-
2018-08-20 17:22:02 -admin尝试登陆-
2018-08-20 17:22:02 -登陆成功-
2018-08-20 17:22:56 -admin尝试登陆-
2018-08-20 17:22:56 -登陆成功-
2018-08-20 17:24:10 -admin尝试登陆-
2018-08-20 17:24:10 -登陆成功-
2018-08-20 17:25:08 -admin尝试登陆-
2018-08-20 17:25:08 -登陆成功-
2018-08-20 17:27:59 -admin尝试登陆-
2018-08-20 17:27:59 -登陆成功-
